============================= test session starts ==============================
platform linux -- Python 3.10.12, pytest-8.3.3, pluggy-1.5.0
rootdir: /home/james/projects/cs6223/our_proptest_data
plugins: hypothesis-6.112.2, timeout-2.3.1
collected 20 items

code_only/mutants/decimal.Decimal.fma/mutant_1.py FFFFF                  [ 25%]
code_only/mutants/decimal.Decimal.fma/mutant_2.py ...FF                  [ 50%]
code_only/mutants/decimal.Decimal.fma/mutant_3.py .....                  [ 75%]
code_only/mutants/decimal.Decimal.fma/mutant_4.py FF.FF                  [100%]

=================================== FAILURES ===================================
/home/james/projects/cs6223/our_proptest_data/code_only/mutants/decimal.Decimal.fma/mutant_1.py:14: AssertionError: assert Decimal('0') == Decimal('1')
/home/james/projects/cs6223/our_proptest_data/code_only/mutants/decimal.Decimal.fma/mutant_1.py:25: AssertionError: assert Decimal('0') == Decimal('-1')
/home/james/projects/cs6223/our_proptest_data/code_only/mutants/decimal.Decimal.fma/mutant_1.py:36: AssertionError: assert Decimal('1') == Decimal('2')
/home/james/projects/cs6223/our_proptest_data/code_only/mutants/decimal.Decimal.fma/mutant_1.py:47: AssertionError: assert Decimal('0') == Decimal('1')
/home/james/projects/cs6223/our_proptest_data/code_only/mutants/decimal.Decimal.fma/mutant_1.py:58: AssertionError: assert Decimal('0') == Decimal('-1')
/home/james/projects/cs6223/our_proptest_data/code_only/mutants/decimal.Decimal.fma/mutant_2.py:51: AssertionError: Expected InvalidOperation for sNaN
/home/james/projects/cs6223/our_proptest_data/code_only/mutants/decimal.Decimal.fma/mutant_2.py:63: decimal.InvalidOperation: [<class 'decimal.InvalidOperation'>]
/home/james/projects/cs6223/our_proptest_data/code_only/mutants/decimal.Decimal.fma/mutant_4.py:16: AssertionError: Expected incorrect result for infinity multiplication
/home/james/projects/cs6223/our_proptest_data/code_only/mutants/decimal.Decimal.fma/mutant_4.py:32: AssertionError: Expected InvalidOperation for non-zero INF * non-zero
/home/james/projects/cs6223/our_proptest_data/code_only/mutants/decimal.Decimal.fma/mutant_4.py:62: AssertionError: Expected result to be negative for positive infinity multiplication
/home/james/projects/cs6223/our_proptest_data/code_only/mutants/decimal.Decimal.fma/mutant_4.py:77: AssertionError: Expected result to be NaN for infinity operation
=========================== short test summary info ============================
FAILED code_only/mutants/decimal.Decimal.fma/mutant_1.py::test_violation_of_decimal_Decimal_fma_1
FAILED code_only/mutants/decimal.Decimal.fma/mutant_1.py::test_violation_of_decimal_Decimal_fma_2
FAILED code_only/mutants/decimal.Decimal.fma/mutant_1.py::test_violation_of_decimal_Decimal_fma_3
FAILED code_only/mutants/decimal.Decimal.fma/mutant_1.py::test_violation_of_decimal_Decimal_fma_4
FAILED code_only/mutants/decimal.Decimal.fma/mutant_1.py::test_violation_of_decimal_Decimal_fma_5
FAILED code_only/mutants/decimal.Decimal.fma/mutant_2.py::test_violation_of_decimal_Decimal_fma_4
FAILED code_only/mutants/decimal.Decimal.fma/mutant_2.py::test_violation_of_decimal_Decimal_fma_5
FAILED code_only/mutants/decimal.Decimal.fma/mutant_4.py::test_violation_of_decimal_Decimal_fma_1
FAILED code_only/mutants/decimal.Decimal.fma/mutant_4.py::test_violation_of_decimal_Decimal_fma_2
FAILED code_only/mutants/decimal.Decimal.fma/mutant_4.py::test_violation_of_decimal_Decimal_fma_4
FAILED code_only/mutants/decimal.Decimal.fma/mutant_4.py::test_violation_of_decimal_Decimal_fma_5
======================== 11 failed, 9 passed in 11.48s =========================
